  Camera.cpp
d:\starengine\starengine\starengine\starengine\code\camera.cpp(28): warning C4244: “=”: 从“double”转换到“float”，可能丢失数据
d:\starengine\starengine\starengine\starengine\code\camera.cpp(29): warning C4244: “=”: 从“double”转换到“float”，可能丢失数据
d:\starengine\starengine\starengine\starengine\code\camera.cpp(33): warning C4244: “初始化”: 从“double”转换到“float”，可能丢失数据
d:\starengine\starengine\starengine\starengine\code\camera.cpp(34): warning C4244: “初始化”: 从“double”转换到“float”，可能丢失数据
d:\starengine\starengine\starengine\starengine\code\camera.cpp(35): warning C4244: “=”: 从“double”转换到“float”，可能丢失数据
d:\starengine\starengine\starengine\starengine\code\camera.cpp(36): warning C4244: “=”: 从“double”转换到“float”，可能丢失数据
d:\starengine\starengine\starengine\starengine\code\camera.cpp(38): warning C4305: “初始化”: 从“double”到“float”截断
  GameObject.cpp
  main.cpp
d:\starengine\starengine\starengine\starengine\code\main.cpp(160): warning C4305: “参数”: 从“double”到“float”截断
  Material.cpp
d:\starengine\starengine\starengine\starengine\code\material.cpp(19): warning C4018: “<”: 有符号/无符号不匹配
  Mesh.cpp
  Model.cpp
d:\starengine\starengine\starengine\starengine\code\model.cpp(83): warning C4018: “<”: 有符号/无符号不匹配
  Shader.cpp
  Texture.cpp
  Time.cpp
d:\starengine\starengine\starengine\starengine\code\time.cpp(19): warning C4244: “初始化”: 从“double”转换到“float”，可能丢失数据
  正在生成代码...
  glad.c
glfw3.lib(context.obj) : warning LNK4099: 未找到 PDB“glfw.pdb”(使用“glfw3.lib(context.obj)”或在“D:\StarEngine\StarEngine\StarEngine\Debug\glfw.pdb”中寻找)；正在链接对象，如同没有调试信息一样
glfw3.lib(init.obj) : warning LNK4099: 未找到 PDB“glfw.pdb”(使用“glfw3.lib(init.obj)”或在“D:\StarEngine\StarEngine\StarEngine\Debug\glfw.pdb”中寻找)；正在链接对象，如同没有调试信息一样
glfw3.lib(input.obj) : warning LNK4099: 未找到 PDB“glfw.pdb”(使用“glfw3.lib(input.obj)”或在“D:\StarEngine\StarEngine\StarEngine\Debug\glfw.pdb”中寻找)；正在链接对象，如同没有调试信息一样
glfw3.lib(monitor.obj) : warning LNK4099: 未找到 PDB“glfw.pdb”(使用“glfw3.lib(monitor.obj)”或在“D:\StarEngine\StarEngine\StarEngine\Debug\glfw.pdb”中寻找)；正在链接对象，如同没有调试信息一样
glfw3.lib(vulkan.obj) : warning LNK4099: 未找到 PDB“glfw.pdb”(使用“glfw3.lib(vulkan.obj)”或在“D:\StarEngine\StarEngine\StarEngine\Debug\glfw.pdb”中寻找)；正在链接对象，如同没有调试信息一样
glfw3.lib(window.obj) : warning LNK4099: 未找到 PDB“glfw.pdb”(使用“glfw3.lib(window.obj)”或在“D:\StarEngine\StarEngine\StarEngine\Debug\glfw.pdb”中寻找)；正在链接对象，如同没有调试信息一样
glfw3.lib(win32_init.obj) : warning LNK4099: 未找到 PDB“glfw.pdb”(使用“glfw3.lib(win32_init.obj)”或在“D:\StarEngine\StarEngine\StarEngine\Debug\glfw.pdb”中寻找)；正在链接对象，如同没有调试信息一样
glfw3.lib(win32_joystick.obj) : warning LNK4099: 未找到 PDB“glfw.pdb”(使用“glfw3.lib(win32_joystick.obj)”或在“D:\StarEngine\StarEngine\StarEngine\Debug\glfw.pdb”中寻找)；正在链接对象，如同没有调试信息一样
glfw3.lib(win32_monitor.obj) : warning LNK4099: 未找到 PDB“glfw.pdb”(使用“glfw3.lib(win32_monitor.obj)”或在“D:\StarEngine\StarEngine\StarEngine\Debug\glfw.pdb”中寻找)；正在链接对象，如同没有调试信息一样
glfw3.lib(win32_time.obj) : warning LNK4099: 未找到 PDB“glfw.pdb”(使用“glfw3.lib(win32_time.obj)”或在“D:\StarEngine\StarEngine\StarEngine\Debug\glfw.pdb”中寻找)；正在链接对象，如同没有调试信息一样
glfw3.lib(win32_tls.obj) : warning LNK4099: 未找到 PDB“glfw.pdb”(使用“glfw3.lib(win32_tls.obj)”或在“D:\StarEngine\StarEngine\StarEngine\Debug\glfw.pdb”中寻找)；正在链接对象，如同没有调试信息一样
glfw3.lib(win32_window.obj) : warning LNK4099: 未找到 PDB“glfw.pdb”(使用“glfw3.lib(win32_window.obj)”或在“D:\StarEngine\StarEngine\StarEngine\Debug\glfw.pdb”中寻找)；正在链接对象，如同没有调试信息一样
glfw3.lib(wgl_context.obj) : warning LNK4099: 未找到 PDB“glfw.pdb”(使用“glfw3.lib(wgl_context.obj)”或在“D:\StarEngine\StarEngine\StarEngine\Debug\glfw.pdb”中寻找)；正在链接对象，如同没有调试信息一样
glfw3.lib(egl_context.obj) : warning LNK4099: 未找到 PDB“glfw.pdb”(使用“glfw3.lib(egl_context.obj)”或在“D:\StarEngine\StarEngine\StarEngine\Debug\glfw.pdb”中寻找)；正在链接对象，如同没有调试信息一样
  StarEngine.vcxproj -> D:\StarEngine\StarEngine\StarEngine\Debug\StarEngine.exe
