d:\starengine\starengine\starengine\starengine\debug\time.obj
d:\starengine\starengine\starengine\starengine\debug\texture.obj
d:\starengine\starengine\starengine\starengine\debug\shader.obj
d:\starengine\starengine\starengine\starengine\debug\model.obj
d:\starengine\starengine\starengine\starengine\debug\mesh.obj
d:\starengine\starengine\starengine\starengine\debug\material.obj
d:\starengine\starengine\starengine\starengine\debug\main.obj
d:\starengine\starengine\starengine\starengine\debug\gameobject.obj
d:\starengine\starengine\starengine\starengine\debug\camera.obj
d:\starengine\starengine\starengine\starengine\debug\glad.obj
d:\starengine\starengine\starengine\starengine\debug\light.obj
d:\starengine\starengine\starengine\starengine\debug\color.obj
d:\starengine\starengine\starengine\debug\starengine.ilk
d:\starengine\starengine\starengine\debug\starengine.exe
d:\starengine\starengine\starengine\debug\starengine.pdb
d:\starengine\starengine\starengine\starengine\debug\main.obj.enc
d:\starengine\starengine\starengine\starengine\debug\vc141.idb
d:\starengine\starengine\starengine\starengine\debug\vc141.pdb
d:\starengine\starengine\starengine\starengine\debug\starengine.tlog\cl.command.1.tlog
d:\starengine\starengine\starengine\starengine\debug\starengine.tlog\cl.read.1.tlog
d:\starengine\starengine\starengine\starengine\debug\starengine.tlog\cl.write.1.tlog
d:\starengine\starengine\starengine\starengine\debug\starengine.tlog\link.command.1.tlog
d:\starengine\starengine\starengine\starengine\debug\starengine.tlog\link.read.1.tlog
d:\starengine\starengine\starengine\starengine\debug\starengine.tlog\link.write.1.tlog
